<?xml version="1.0" encoding="UTF-8"?>
<!-- Generated by org.testng.reporters.JUnitReportReporter -->
<testsuite skipped="0" hostname="Petea" name="Test" tests="1" failures="0" timestamp="2021-11-25T08:59:23 EET" time="1.901" errors="0">
  <testcase name="start" time="1.901" classname="Test"/>
  <system-out/>
</testsuite> <!-- Test -->
